<?xml version="1.0" encoding="UTF-8"?><testsuite errors="0" failures="0" name="b21.spartan.user.SpartanUserRoleTest" skipped="0" tests="6" time="2.93" timestamp="2021-04-16 09:40:26"><testcase classname="b21.spartan.user.SpartanUserRoleTest" name="Test {1}  "/><testcase classname="b21.spartan.user.SpartanUserRoleTest" name="Test {2}  "/><testcase classname="b21.spartan.user.SpartanUserRoleTest" name="Test {3}  "/><testcase classname="b21.spartan.user.SpartanUserRoleTest" name="Test {4}  "/><testcase classname="b21.spartan.user.SpartanUserRoleTest" name="Test {5}  "/><testcase classname="b21.spartan.user.SpartanUserRoleTest" name="Test {6}  "/></testsuite>