<?xml version="1.0" encoding="UTF-8"?><testsuite errors="0" failures="0" name="b21.spartan.editor.SpartanEditorRolePostTest" skipped="0" tests="7" time="4.53" timestamp="2021-04-16 09:40:21"><testcase classname="b21.spartan.editor.SpartanEditorRolePostTest" name="[1] E, male, 713302, 3"/><testcase classname="b21.spartan.editor.SpartanEditorRolePostTest" name="[2] Muhammad, Male, 123, 1"/><testcase classname="b21.spartan.editor.SpartanEditorRolePostTest" name="[3] Inci is from Batch 21, female, 7038142311, 2"/><testcase classname="b21.spartan.editor.SpartanEditorRolePostTest" name="Editor Should be able Post Valid Data"/><testcase classname="b21.spartan.editor.SpartanEditorRolePostTest" name="[1] Ercan Civi, Male, 7133306302"/><testcase classname="b21.spartan.editor.SpartanEditorRolePostTest" name="[2] Muhammad, Male, 9293215645"/><testcase classname="b21.spartan.editor.SpartanEditorRolePostTest" name="[3] Inci, Female, 7038142311"/></testsuite>